<?xml version="1.0" encoding="UTF-8"?>
<!-- Generated by org.testng.reporters.JUnitReportReporter -->
<testsuite hostname="Ram" failures="0" tests="1" name="tests.ErailTest" time="0.816" errors="0" timestamp="2024-08-16T19:28:28 IST" skipped="0">
  <testcase classname="tests.ErailTest" name="testStationNames" time="0.816"/>
</testsuite> <!-- tests.ErailTest -->
