<?xml version="1.0" encoding="UTF-8"?>
<!-- Generated by org.testng.reporters.JUnitReportReporter -->
<testsuite hostname="Ram" failures="0" tests="1" name="TestingDemo.TestingDemo.ErailTest" time="6.713" errors="0" timestamp="2024-08-16T18:28:26 IST" skipped="0">
  <testcase classname="TestingDemo.TestingDemo.ErailTest" name="testStationNames" time="6.713"/>
</testsuite> <!-- TestingDemo.TestingDemo.ErailTest -->
